d:\remote_contrl\remote-control-system\remotectrl\remoteclient\x64\debug\remoteclient.pch
d:\remote_contrl\remote-control-system\remotectrl\remoteclient\x64\debug\vc143.pdb
d:\remote_contrl\remote-control-system\remotectrl\remoteclient\x64\debug\vc143.idb
d:\remote_contrl\remote-control-system\remotectrl\remoteclient\x64\debug\pch.obj
d:\remote_contrl\remote-control-system\remotectrl\remoteclient\x64\debug\remoteclientdlg.obj
d:\remote_contrl\remote-control-system\remotectrl\remoteclient\x64\debug\remoteclient.obj
d:\remote_contrl\remote-control-system\remotectrl\remoteclient\x64\debug\remoteclient.ilk
d:\remote_contrl\remote-control-system\remotectrl\x64\debug\remoteclient.exe
d:\remote_contrl\remote-control-system\remotectrl\x64\debug\remoteclient.pdb
d:\remote_contrl\remote-control-system\remotectrl\remoteclient\x64\debug\remoteclient.res
d:\remote_contrl\remote-control-system\remotectrl\remoteclient\x64\debug\remoteclient.tlog\cl.command.1.tlog
d:\remote_contrl\remote-control-system\remotectrl\remoteclient\x64\debug\remoteclient.tlog\cl.items.tlog
d:\remote_contrl\remote-control-system\remotectrl\remoteclient\x64\debug\remoteclient.tlog\cl.read.1.tlog
d:\remote_contrl\remote-control-system\remotectrl\remoteclient\x64\debug\remoteclient.tlog\cl.write.1.tlog
d:\remote_contrl\remote-control-system\remotectrl\remoteclient\x64\debug\remoteclient.tlog\link.command.1.tlog
d:\remote_contrl\remote-control-system\remotectrl\remoteclient\x64\debug\remoteclient.tlog\link.read.1.tlog
d:\remote_contrl\remote-control-system\remotectrl\remoteclient\x64\debug\remoteclient.tlog\link.write.1.tlog
d:\remote_contrl\remote-control-system\remotectrl\remoteclient\x64\debug\remoteclient.tlog\rc.command.1.tlog
d:\remote_contrl\remote-control-system\remotectrl\remoteclient\x64\debug\remoteclient.tlog\rc.read.1.tlog
d:\remote_contrl\remote-control-system\remotectrl\remoteclient\x64\debug\remoteclient.tlog\rc.write.1.tlog
