d:\remote_contrl\remote-control-system\remotectrl\remotectrl\x64\debug\remotectrl.pch
d:\remote_contrl\remote-control-system\remotectrl\remotectrl\x64\debug\vc143.pdb
d:\remote_contrl\remote-control-system\remotectrl\remotectrl\x64\debug\vc143.idb
d:\remote_contrl\remote-control-system\remotectrl\remotectrl\x64\debug\pch.obj
d:\remote_contrl\remote-control-system\remotectrl\remotectrl\x64\debug\serversocket.obj
d:\remote_contrl\remote-control-system\remotectrl\remotectrl\x64\debug\remotectrl.obj
d:\remote_contrl\remote-control-system\remotectrl\remotectrl\x64\debug\lockdialog.obj
d:\remote_contrl\remote-control-system\remotectrl\x64\debug\remotectrl.exe
d:\remote_contrl\remote-control-system\remotectrl\remotectrl\x64\debug\remotectrl.ilk
d:\remote_contrl\remote-control-system\remotectrl\x64\debug\remotectrl.pdb
d:\remote_contrl\remote-control-system\remotectrl\remotectrl\x64\debug\remotectrl.res
d:\remote_contrl\remote-control-system\remotectrl\remotectrl\x64\debug\remotectrl.tlog\cl.command.1.tlog
d:\remote_contrl\remote-control-system\remotectrl\remotectrl\x64\debug\remotectrl.tlog\cl.items.tlog
d:\remote_contrl\remote-control-system\remotectrl\remotectrl\x64\debug\remotectrl.tlog\cl.read.1.tlog
d:\remote_contrl\remote-control-system\remotectrl\remotectrl\x64\debug\remotectrl.tlog\cl.write.1.tlog
d:\remote_contrl\remote-control-system\remotectrl\remotectrl\x64\debug\remotectrl.tlog\link.command.1.tlog
d:\remote_contrl\remote-control-system\remotectrl\remotectrl\x64\debug\remotectrl.tlog\link.read.1.tlog
d:\remote_contrl\remote-control-system\remotectrl\remotectrl\x64\debug\remotectrl.tlog\link.write.1.tlog
d:\remote_contrl\remote-control-system\remotectrl\remotectrl\x64\debug\remotectrl.tlog\rc.command.1.tlog
d:\remote_contrl\remote-control-system\remotectrl\remotectrl\x64\debug\remotectrl.tlog\rc.read.1.tlog
d:\remote_contrl\remote-control-system\remotectrl\remotectrl\x64\debug\remotectrl.tlog\rc.write.1.tlog
